Making install in lib
make[1]: Entering directory `/home/ballogy/Szoftverek/build/others/smuxi/smuxi/src/smuxi-0.8/lib'
Making install in SmartIrc4net
make[2]: Entering directory `/home/ballogy/Szoftverek/build/others/smuxi/smuxi/src/smuxi-0.8/lib/SmartIrc4net'
Making install in src
make[3]: Entering directory `/home/ballogy/Szoftverek/build/others/smuxi/smuxi/src/smuxi-0.8/lib/SmartIrc4net/src'
make[4]: Entering directory `/home/ballogy/Szoftverek/build/others/smuxi/smuxi/src/smuxi-0.8/lib/SmartIrc4net/src'
make[4]: Nothing to be done for `install-exec-am'.
test -z "" || /bin/mkdir -p "/home/ballogy/Szoftverek/build/others/smuxi/smuxi/pkg/"
make[4]: Leaving directory `/home/ballogy/Szoftverek/build/others/smuxi/smuxi/src/smuxi-0.8/lib/SmartIrc4net/src'
make[3]: Leaving directory `/home/ballogy/Szoftverek/build/others/smuxi/smuxi/src/smuxi-0.8/lib/SmartIrc4net/src'
make[3]: Entering directory `/home/ballogy/Szoftverek/build/others/smuxi/smuxi/src/smuxi-0.8/lib/SmartIrc4net'
make[4]: Entering directory `/home/ballogy/Szoftverek/build/others/smuxi/smuxi/src/smuxi-0.8/lib/SmartIrc4net'
make[4]: Nothing to be done for `install-exec-am'.
make[4]: Nothing to be done for `install-data-am'.
make[4]: Leaving directory `/home/ballogy/Szoftverek/build/others/smuxi/smuxi/src/smuxi-0.8/lib/SmartIrc4net'
make[3]: Leaving directory `/home/ballogy/Szoftverek/build/others/smuxi/smuxi/src/smuxi-0.8/lib/SmartIrc4net'
make[2]: Leaving directory `/home/ballogy/Szoftverek/build/others/smuxi/smuxi/src/smuxi-0.8/lib/SmartIrc4net'
make[2]: Entering directory `/home/ballogy/Szoftverek/build/others/smuxi/smuxi/src/smuxi-0.8/lib'
make[3]: Entering directory `/home/ballogy/Szoftverek/build/others/smuxi/smuxi/src/smuxi-0.8/lib'
test -z "/usr/lib/smuxi" || /bin/mkdir -p "/home/ballogy/Szoftverek/build/others/smuxi/smuxi/pkg//usr/lib/smuxi"
 /bin/install -c -m 644 ../bin/debug/Newtonsoft.Json.dll ../bin/debug/Newtonsoft.Json.dll.mdb ../bin/debug/Twitterizer2.dll ../bin/debug/Twitterizer2.dll.mdb '/home/ballogy/Szoftverek/build/others/smuxi/smuxi/pkg//usr/lib/smuxi'
make[3]: Nothing to be done for `install-data-am'.
make[3]: Leaving directory `/home/ballogy/Szoftverek/build/others/smuxi/smuxi/src/smuxi-0.8/lib'
make[2]: Leaving directory `/home/ballogy/Szoftverek/build/others/smuxi/smuxi/src/smuxi-0.8/lib'
make[1]: Leaving directory `/home/ballogy/Szoftverek/build/others/smuxi/smuxi/src/smuxi-0.8/lib'
Making install in src
make[1]: Entering directory `/home/ballogy/Szoftverek/build/others/smuxi/smuxi/src/smuxi-0.8/src'
Making install in Common
make[2]: Entering directory `/home/ballogy/Szoftverek/build/others/smuxi/smuxi/src/smuxi-0.8/src/Common'
Makefile:748: warning: overriding commands for target `../../bin/debug/smuxi-common.dll'
Makefile:738: warning: ignoring old commands for target `../../bin/debug/smuxi-common.dll'
Makefile:748: warning: overriding commands for target `../../bin/debug/smuxi-common.dll.mdb'
Makefile:739: warning: ignoring old commands for target `../../bin/debug/smuxi-common.dll.mdb'
make[2]: Circular ../../bin/debug/smuxi-common.dll <- ../../bin/debug/smuxi-common.dll dependency dropped.
make[3]: Entering directory `/home/ballogy/Szoftverek/build/others/smuxi/smuxi/src/smuxi-0.8/src/Common'
Makefile:748: warning: overriding commands for target `../../bin/debug/smuxi-common.dll'
Makefile:738: warning: ignoring old commands for target `../../bin/debug/smuxi-common.dll'
Makefile:748: warning: overriding commands for target `../../bin/debug/smuxi-common.dll.mdb'
Makefile:739: warning: ignoring old commands for target `../../bin/debug/smuxi-common.dll.mdb'
test -z "/usr/bin" || /bin/mkdir -p "/home/ballogy/Szoftverek/build/others/smuxi/smuxi/pkg//usr/bin"
make[3]: Circular ../../bin/debug/smuxi-common.dll <- ../../bin/debug/smuxi-common.dll dependency dropped.
test -z "/usr/lib/smuxi" || /bin/mkdir -p "/home/ballogy/Szoftverek/build/others/smuxi/smuxi/pkg//usr/lib/smuxi"
 /bin/install -c ../../bin/debug/smuxi-common.dll '/home/ballogy/Szoftverek/build/others/smuxi/smuxi/pkg//usr/lib/smuxi'
test -z "/usr/share/applications" || /bin/mkdir -p "/home/ballogy/Szoftverek/build/others/smuxi/smuxi/pkg//usr/share/applications"
test -z "/usr/lib/pkgconfig" || /bin/mkdir -p "/home/ballogy/Szoftverek/build/others/smuxi/smuxi/pkg//usr/lib/pkgconfig"
 /bin/install -c -m 644 ../../bin/debug/smuxi-common.pc '/home/ballogy/Szoftverek/build/others/smuxi/smuxi/pkg//usr/lib/pkgconfig'
test -z "/usr/lib/smuxi" || /bin/mkdir -p "/home/ballogy/Szoftverek/build/others/smuxi/smuxi/pkg//usr/lib/smuxi"
test -z "/usr/lib/smuxi/icons" || /bin/mkdir -p "/home/ballogy/Szoftverek/build/others/smuxi/smuxi/pkg//usr/lib/smuxi/icons"
make[3]: Leaving directory `/home/ballogy/Szoftverek/build/others/smuxi/smuxi/src/smuxi-0.8/src/Common'
make[2]: Leaving directory `/home/ballogy/Szoftverek/build/others/smuxi/smuxi/src/smuxi-0.8/src/Common'
Making install in Engine
make[2]: Entering directory `/home/ballogy/Szoftverek/build/others/smuxi/smuxi/src/smuxi-0.8/src/Engine'
make[2]: Circular ../../bin/debug/smuxi-common.dll <- ../../bin/debug/smuxi-common.dll dependency dropped.
make[3]: Entering directory `/home/ballogy/Szoftverek/build/others/smuxi/smuxi/src/smuxi-0.8/src/Engine'
test -z "/usr/bin" || /bin/mkdir -p "/home/ballogy/Szoftverek/build/others/smuxi/smuxi/pkg//usr/bin"
make[3]: Circular ../../bin/debug/smuxi-common.dll <- ../../bin/debug/smuxi-common.dll dependency dropped.
test -z "/usr/lib/smuxi" || /bin/mkdir -p "/home/ballogy/Szoftverek/build/others/smuxi/smuxi/pkg//usr/lib/smuxi"
 /bin/install -c ../../bin/debug/smuxi-engine.dll '/home/ballogy/Szoftverek/build/others/smuxi/smuxi/pkg//usr/lib/smuxi'
test -z "/usr/share/applications" || /bin/mkdir -p "/home/ballogy/Szoftverek/build/others/smuxi/smuxi/pkg//usr/share/applications"
test -z "/usr/lib/pkgconfig" || /bin/mkdir -p "/home/ballogy/Szoftverek/build/others/smuxi/smuxi/pkg//usr/lib/pkgconfig"
 /bin/install -c -m 644 ../../bin/debug/smuxi-engine.pc '/home/ballogy/Szoftverek/build/others/smuxi/smuxi/pkg//usr/lib/pkgconfig'
test -z "/usr/lib/smuxi" || /bin/mkdir -p "/home/ballogy/Szoftverek/build/others/smuxi/smuxi/pkg//usr/lib/smuxi"
 /bin/install -c -m 644 ../../bin/debug/smuxi-common.dll '/home/ballogy/Szoftverek/build/others/smuxi/smuxi/pkg//usr/lib/smuxi'
test -z "/usr/lib/smuxi/icons" || /bin/mkdir -p "/home/ballogy/Szoftverek/build/others/smuxi/smuxi/pkg//usr/lib/smuxi/icons"
make[3]: Leaving directory `/home/ballogy/Szoftverek/build/others/smuxi/smuxi/src/smuxi-0.8/src/Engine'
make[2]: Leaving directory `/home/ballogy/Szoftverek/build/others/smuxi/smuxi/src/smuxi-0.8/src/Engine'
Making install in Engine-IRC
make[2]: Entering directory `/home/ballogy/Szoftverek/build/others/smuxi/smuxi/src/smuxi-0.8/src/Engine-IRC'
make[2]: Circular ../../bin/debug/smuxi-common.dll <- ../../bin/debug/smuxi-common.dll dependency dropped.
make[2]: Circular ../../bin/debug/smuxi-engine.dll <- ../../bin/debug/smuxi-engine.dll dependency dropped.
make[2]: Circular ../../bin/debug/smuxi-engine.dll.mdb <- ../../bin/debug/smuxi-engine.dll.mdb dependency dropped.
make[3]: Entering directory `/home/ballogy/Szoftverek/build/others/smuxi/smuxi/src/smuxi-0.8/src/Engine-IRC'
test -z "/usr/bin" || /bin/mkdir -p "/home/ballogy/Szoftverek/build/others/smuxi/smuxi/pkg//usr/bin"
make[3]: Circular ../../bin/debug/smuxi-common.dll <- ../../bin/debug/smuxi-common.dll dependency dropped.
make[3]: Circular ../../bin/debug/smuxi-engine.dll <- ../../bin/debug/smuxi-engine.dll dependency dropped.
test -z "/usr/lib/smuxi" || /bin/mkdir -p "/home/ballogy/Szoftverek/build/others/smuxi/smuxi/pkg//usr/lib/smuxi"
 /bin/install -c ../../bin/debug/smuxi-engine-irc.dll '/home/ballogy/Szoftverek/build/others/smuxi/smuxi/pkg//usr/lib/smuxi'
test -z "/usr/share/applications" || /bin/mkdir -p "/home/ballogy/Szoftverek/build/others/smuxi/smuxi/pkg//usr/share/applications"
test -z "/usr/lib/pkgconfig" || /bin/mkdir -p "/home/ballogy/Szoftverek/build/others/smuxi/smuxi/pkg//usr/lib/pkgconfig"
 /bin/install -c -m 644 ../../bin/debug/smuxi-engine-irc.pc '/home/ballogy/Szoftverek/build/others/smuxi/smuxi/pkg//usr/lib/pkgconfig'
make[3]: Circular ../../bin/debug/smuxi-engine.dll.mdb <- ../../bin/debug/smuxi-engine.dll.mdb dependency dropped.
test -z "/usr/lib/smuxi" || /bin/mkdir -p "/home/ballogy/Szoftverek/build/others/smuxi/smuxi/pkg//usr/lib/smuxi"
 /bin/install -c -m 644 ../../bin/debug/Meebey.SmartIrc4net.dll ../../bin/debug/Meebey.SmartIrc4net.dll.mdb ../../bin/debug/smuxi-common.dll ../../bin/debug/smuxi-engine.dll ../../bin/debug/smuxi-engine.dll.mdb '/home/ballogy/Szoftverek/build/others/smuxi/smuxi/pkg//usr/lib/smuxi'
test -z "/usr/lib/smuxi/icons" || /bin/mkdir -p "/home/ballogy/Szoftverek/build/others/smuxi/smuxi/pkg//usr/lib/smuxi/icons"
make[3]: Leaving directory `/home/ballogy/Szoftverek/build/others/smuxi/smuxi/src/smuxi-0.8/src/Engine-IRC'
make[2]: Leaving directory `/home/ballogy/Szoftverek/build/others/smuxi/smuxi/src/smuxi-0.8/src/Engine-IRC'
Making install in Engine-Twitter
make[2]: Entering directory `/home/ballogy/Szoftverek/build/others/smuxi/smuxi/src/smuxi-0.8/src/Engine-Twitter'
make[3]: Entering directory `/home/ballogy/Szoftverek/build/others/smuxi/smuxi/src/smuxi-0.8/src/Engine-Twitter'
test -z "/usr/bin" || /bin/mkdir -p "/home/ballogy/Szoftverek/build/others/smuxi/smuxi/pkg//usr/bin"
test -z "/usr/lib/smuxi" || /bin/mkdir -p "/home/ballogy/Szoftverek/build/others/smuxi/smuxi/pkg//usr/lib/smuxi"
 /bin/install -c -m 644 ../../bin/debug/smuxi-engine-twitter.dll '/home/ballogy/Szoftverek/build/others/smuxi/smuxi/pkg//usr/lib/smuxi'
test -z "/usr/lib/smuxi" || /bin/mkdir -p "/home/ballogy/Szoftverek/build/others/smuxi/smuxi/pkg//usr/lib/smuxi"
test -z "/usr/share/applications" || /bin/mkdir -p "/home/ballogy/Szoftverek/build/others/smuxi/smuxi/pkg//usr/share/applications"
test -z "/usr/lib/pkgconfig" || /bin/mkdir -p "/home/ballogy/Szoftverek/build/others/smuxi/smuxi/pkg//usr/lib/pkgconfig"
test -z "/usr/lib/smuxi" || /bin/mkdir -p "/home/ballogy/Szoftverek/build/others/smuxi/smuxi/pkg//usr/lib/smuxi"
test -z "/usr/lib/smuxi/icons" || /bin/mkdir -p "/home/ballogy/Szoftverek/build/others/smuxi/smuxi/pkg//usr/lib/smuxi/icons"
make[3]: Leaving directory `/home/ballogy/Szoftverek/build/others/smuxi/smuxi/src/smuxi-0.8/src/Engine-Twitter'
make[2]: Leaving directory `/home/ballogy/Szoftverek/build/others/smuxi/smuxi/src/smuxi-0.8/src/Engine-Twitter'
Making install in Server
make[2]: Entering directory `/home/ballogy/Szoftverek/build/others/smuxi/smuxi/src/smuxi-0.8/src/Server'
make[2]: Circular ../../bin/debug/smuxi-common.dll <- ../../bin/debug/smuxi-common.dll dependency dropped.
make[2]: Circular ../../bin/debug/smuxi-engine.dll <- ../../bin/debug/smuxi-engine.dll dependency dropped.
make[2]: Circular ../../bin/debug/smuxi-engine.dll.mdb <- ../../bin/debug/smuxi-engine.dll.mdb dependency dropped.
make[3]: Entering directory `/home/ballogy/Szoftverek/build/others/smuxi/smuxi/src/smuxi-0.8/src/Server'
test -z "/usr/bin" || /bin/mkdir -p "/home/ballogy/Szoftverek/build/others/smuxi/smuxi/pkg//usr/bin"
 /bin/install -c ../../bin/debug/smuxi-server '/home/ballogy/Szoftverek/build/others/smuxi/smuxi/pkg//usr/bin'
make[3]: Circular ../../bin/debug/smuxi-common.dll <- ../../bin/debug/smuxi-common.dll dependency dropped.
make[3]: Circular ../../bin/debug/smuxi-engine.dll <- ../../bin/debug/smuxi-engine.dll dependency dropped.
test -z "/usr/lib/smuxi" || /bin/mkdir -p "/home/ballogy/Szoftverek/build/others/smuxi/smuxi/pkg//usr/lib/smuxi"
 /bin/install -c ../../bin/debug/smuxi-server.exe '/home/ballogy/Szoftverek/build/others/smuxi/smuxi/pkg//usr/lib/smuxi'
test -z "/usr/share/applications" || /bin/mkdir -p "/home/ballogy/Szoftverek/build/others/smuxi/smuxi/pkg//usr/share/applications"
test -z "/usr/lib/pkgconfig" || /bin/mkdir -p "/home/ballogy/Szoftverek/build/others/smuxi/smuxi/pkg//usr/lib/pkgconfig"
make[3]: Circular ../../bin/debug/smuxi-engine.dll.mdb <- ../../bin/debug/smuxi-engine.dll.mdb dependency dropped.
test -z "/usr/lib/smuxi" || /bin/mkdir -p "/home/ballogy/Szoftverek/build/others/smuxi/smuxi/pkg//usr/lib/smuxi"
 /bin/install -c -m 644 ../../bin/debug/smuxi-engine.dll.mdb ../../bin/debug/smuxi-engine.dll ../../bin/debug/smuxi-common.dll ../../bin/debug/smuxi-server.exe.config '/home/ballogy/Szoftverek/build/others/smuxi/smuxi/pkg//usr/lib/smuxi'
test -z "/usr/lib/smuxi/icons" || /bin/mkdir -p "/home/ballogy/Szoftverek/build/others/smuxi/smuxi/pkg//usr/lib/smuxi/icons"
make[3]: Leaving directory `/home/ballogy/Szoftverek/build/others/smuxi/smuxi/src/smuxi-0.8/src/Server'
make[2]: Leaving directory `/home/ballogy/Szoftverek/build/others/smuxi/smuxi/src/smuxi-0.8/src/Server'
Making install in Frontend
make[2]: Entering directory `/home/ballogy/Szoftverek/build/others/smuxi/smuxi/src/smuxi-0.8/src/Frontend'
make[2]: Circular ../../bin/debug/smuxi-engine.dll <- ../../bin/debug/smuxi-engine.dll dependency dropped.
make[2]: Circular ../../bin/debug/smuxi-common.dll <- ../../bin/debug/smuxi-common.dll dependency dropped.
make[2]: Circular ../../bin/debug/smuxi-engine.dll.mdb <- ../../bin/debug/smuxi-engine.dll.mdb dependency dropped.
make[3]: Entering directory `/home/ballogy/Szoftverek/build/others/smuxi/smuxi/src/smuxi-0.8/src/Frontend'
test -z "/usr/bin" || /bin/mkdir -p "/home/ballogy/Szoftverek/build/others/smuxi/smuxi/pkg//usr/bin"
make[3]: Circular ../../bin/debug/smuxi-engine.dll <- ../../bin/debug/smuxi-engine.dll dependency dropped.
make[3]: Circular ../../bin/debug/smuxi-common.dll <- ../../bin/debug/smuxi-common.dll dependency dropped.
test -z "/usr/lib/smuxi" || /bin/mkdir -p "/home/ballogy/Szoftverek/build/others/smuxi/smuxi/pkg//usr/lib/smuxi"
 /bin/install -c ../../bin/debug/smuxi-frontend.dll '/home/ballogy/Szoftverek/build/others/smuxi/smuxi/pkg//usr/lib/smuxi'
test -z "/usr/share/applications" || /bin/mkdir -p "/home/ballogy/Szoftverek/build/others/smuxi/smuxi/pkg//usr/share/applications"
test -z "/usr/lib/pkgconfig" || /bin/mkdir -p "/home/ballogy/Szoftverek/build/others/smuxi/smuxi/pkg//usr/lib/pkgconfig"
 /bin/install -c -m 644 ../../bin/debug/smuxi-frontend.pc '/home/ballogy/Szoftverek/build/others/smuxi/smuxi/pkg//usr/lib/pkgconfig'
make[3]: Circular ../../bin/debug/smuxi-engine.dll.mdb <- ../../bin/debug/smuxi-engine.dll.mdb dependency dropped.
test -z "/usr/lib/smuxi" || /bin/mkdir -p "/home/ballogy/Szoftverek/build/others/smuxi/smuxi/pkg//usr/lib/smuxi"
 /bin/install -c -m 644 ../../bin/debug/smuxi-engine.dll.mdb ../../bin/debug/smuxi-engine.dll ../../bin/debug/smuxi-common.dll '/home/ballogy/Szoftverek/build/others/smuxi/smuxi/pkg//usr/lib/smuxi'
test -z "/usr/lib/smuxi/icons" || /bin/mkdir -p "/home/ballogy/Szoftverek/build/others/smuxi/smuxi/pkg//usr/lib/smuxi/icons"
make[3]: Leaving directory `/home/ballogy/Szoftverek/build/others/smuxi/smuxi/src/smuxi-0.8/src/Frontend'
make[2]: Leaving directory `/home/ballogy/Szoftverek/build/others/smuxi/smuxi/src/smuxi-0.8/src/Frontend'
Making install in Frontend-GNOME
make[2]: Entering directory `/home/ballogy/Szoftverek/build/others/smuxi/smuxi/src/smuxi-0.8/src/Frontend-GNOME'
make[2]: Circular ../../bin/debug/smuxi-engine.dll <- ../../bin/debug/smuxi-engine.dll dependency dropped.
make[2]: Circular ../../bin/debug/smuxi-common.dll <- ../../bin/debug/smuxi-common.dll dependency dropped.
make[2]: Circular ../../bin/debug/smuxi-frontend.dll <- ../../bin/debug/smuxi-frontend.dll dependency dropped.
make[2]: Circular ../../bin/debug/smuxi-engine.dll.mdb <- ../../bin/debug/smuxi-engine.dll.mdb dependency dropped.
make[2]: Circular ../../bin/debug/smuxi-frontend.dll.mdb <- ../../bin/debug/smuxi-frontend.dll.mdb dependency dropped.
make[3]: Entering directory `/home/ballogy/Szoftverek/build/others/smuxi/smuxi/src/smuxi-0.8/src/Frontend-GNOME'
test -z "/usr/bin" || /bin/mkdir -p "/home/ballogy/Szoftverek/build/others/smuxi/smuxi/pkg//usr/bin"
 /bin/install -c ../../bin/debug/smuxi-frontend-gnome '/home/ballogy/Szoftverek/build/others/smuxi/smuxi/pkg//usr/bin'
make[3]: Circular ../../bin/debug/smuxi-engine.dll <- ../../bin/debug/smuxi-engine.dll dependency dropped.
make[3]: Circular ../../bin/debug/smuxi-common.dll <- ../../bin/debug/smuxi-common.dll dependency dropped.
make[3]: Circular ../../bin/debug/smuxi-frontend.dll <- ../../bin/debug/smuxi-frontend.dll dependency dropped.
test -z "/usr/lib/smuxi" || /bin/mkdir -p "/home/ballogy/Szoftverek/build/others/smuxi/smuxi/pkg//usr/lib/smuxi"
 /bin/install -c ../../bin/debug/smuxi-frontend-gnome.exe '/home/ballogy/Szoftverek/build/others/smuxi/smuxi/pkg//usr/lib/smuxi'
test -z "/usr/share/applications" || /bin/mkdir -p "/home/ballogy/Szoftverek/build/others/smuxi/smuxi/pkg//usr/share/applications"
 /bin/install -c -m 644 smuxi-frontend-gnome.desktop '/home/ballogy/Szoftverek/build/others/smuxi/smuxi/pkg//usr/share/applications'
test -z "/usr/share/applications" || /bin/mkdir -p "/home/ballogy/Szoftverek/build/others/smuxi/smuxi/pkg//usr/share/applications"
test -z "/usr/lib/pkgconfig" || /bin/mkdir -p "/home/ballogy/Szoftverek/build/others/smuxi/smuxi/pkg//usr/lib/pkgconfig"
test -z "/usr/share/pixmaps" || /bin/mkdir -p "/home/ballogy/Szoftverek/build/others/smuxi/smuxi/pkg//usr/share/pixmaps"
 /bin/install -c -m 644 smuxi-frontend-gnome.svg '/home/ballogy/Szoftverek/build/others/smuxi/smuxi/pkg//usr/share/pixmaps'
make[3]: Circular ../../bin/debug/smuxi-engine.dll.mdb <- ../../bin/debug/smuxi-engine.dll.mdb dependency dropped.
make[3]: Circular ../../bin/debug/smuxi-frontend.dll.mdb <- ../../bin/debug/smuxi-frontend.dll.mdb dependency dropped.
test -z "/usr/lib/smuxi" || /bin/mkdir -p "/home/ballogy/Szoftverek/build/others/smuxi/smuxi/pkg//usr/lib/smuxi"
 /bin/install -c -m 644 ../../bin/debug/smuxi-engine.dll.mdb ../../bin/debug/smuxi-engine.dll ../../bin/debug/smuxi-frontend.dll.mdb ../../bin/debug/smuxi-frontend.dll ../../bin/debug/smuxi-common.dll ../../bin/debug/smuxi-frontend-gnome.exe.config '/home/ballogy/Szoftverek/build/others/smuxi/smuxi/pkg//usr/lib/smuxi'
test -z "/usr/lib/smuxi/icons" || /bin/mkdir -p "/home/ballogy/Szoftverek/build/others/smuxi/smuxi/pkg//usr/lib/smuxi/icons"
make[3]: Leaving directory `/home/ballogy/Szoftverek/build/others/smuxi/smuxi/src/smuxi-0.8/src/Frontend-GNOME'
make[2]: Leaving directory `/home/ballogy/Szoftverek/build/others/smuxi/smuxi/src/smuxi-0.8/src/Frontend-GNOME'
Making install in Frontend-GNOME-IRC
make[2]: Entering directory `/home/ballogy/Szoftverek/build/others/smuxi/smuxi/src/smuxi-0.8/src/Frontend-GNOME-IRC'
make[2]: Circular ../../bin/debug/smuxi-common.dll <- ../../bin/debug/smuxi-common.dll dependency dropped.
make[2]: Circular ../../bin/debug/smuxi-engine.dll <- ../../bin/debug/smuxi-engine.dll dependency dropped.
make[2]: Circular ../../bin/debug/smuxi-frontend-gnome.exe <- ../../bin/debug/smuxi-frontend-gnome.exe dependency dropped.
make[2]: Circular ../../bin/debug/smuxi-engine-irc.dll <- ../../bin/debug/smuxi-engine-irc.dll dependency dropped.
make[2]: Circular ../../bin/debug/smuxi-frontend.dll <- ../../bin/debug/smuxi-frontend.dll dependency dropped.
make[2]: Circular ../../bin/debug/smuxi-frontend-gnome.exe.mdb <- ../../bin/debug/smuxi-frontend-gnome.exe.mdb dependency dropped.
make[2]: Circular ../../bin/debug/smuxi-engine-irc.dll.mdb <- ../../bin/debug/smuxi-engine-irc.dll.mdb dependency dropped.
make[2]: Circular ../../bin/debug/smuxi-engine.dll.mdb <- ../../bin/debug/smuxi-engine.dll.mdb dependency dropped.
make[2]: Circular ../../bin/debug/smuxi-frontend.dll.mdb <- ../../bin/debug/smuxi-frontend.dll.mdb dependency dropped.
make[3]: Entering directory `/home/ballogy/Szoftverek/build/others/smuxi/smuxi/src/smuxi-0.8/src/Frontend-GNOME-IRC'
test -z "/usr/bin" || /bin/mkdir -p "/home/ballogy/Szoftverek/build/others/smuxi/smuxi/pkg//usr/bin"
make[3]: Circular ../../bin/debug/smuxi-common.dll <- ../../bin/debug/smuxi-common.dll dependency dropped.
make[3]: Circular ../../bin/debug/smuxi-engine.dll <- ../../bin/debug/smuxi-engine.dll dependency dropped.
make[3]: Circular ../../bin/debug/smuxi-frontend-gnome.exe <- ../../bin/debug/smuxi-frontend-gnome.exe dependency dropped.
make[3]: Circular ../../bin/debug/smuxi-engine-irc.dll <- ../../bin/debug/smuxi-engine-irc.dll dependency dropped.
make[3]: Circular ../../bin/debug/smuxi-frontend.dll <- ../../bin/debug/smuxi-frontend.dll dependency dropped.
test -z "/usr/lib/smuxi" || /bin/mkdir -p "/home/ballogy/Szoftverek/build/others/smuxi/smuxi/pkg//usr/lib/smuxi"
 /bin/install -c ../../bin/debug/smuxi-frontend-gnome-irc.dll '/home/ballogy/Szoftverek/build/others/smuxi/smuxi/pkg//usr/lib/smuxi'
test -z "/usr/share/applications" || /bin/mkdir -p "/home/ballogy/Szoftverek/build/others/smuxi/smuxi/pkg//usr/share/applications"
test -z "/usr/lib/pkgconfig" || /bin/mkdir -p "/home/ballogy/Szoftverek/build/others/smuxi/smuxi/pkg//usr/lib/pkgconfig"
make[3]: Circular ../../bin/debug/smuxi-frontend-gnome.exe.mdb <- ../../bin/debug/smuxi-frontend-gnome.exe.mdb dependency dropped.
make[3]: Circular ../../bin/debug/smuxi-engine-irc.dll.mdb <- ../../bin/debug/smuxi-engine-irc.dll.mdb dependency dropped.
make[3]: Circular ../../bin/debug/smuxi-engine.dll.mdb <- ../../bin/debug/smuxi-engine.dll.mdb dependency dropped.
make[3]: Circular ../../bin/debug/smuxi-frontend.dll.mdb <- ../../bin/debug/smuxi-frontend.dll.mdb dependency dropped.
test -z "/usr/lib/smuxi" || /bin/mkdir -p "/home/ballogy/Szoftverek/build/others/smuxi/smuxi/pkg//usr/lib/smuxi"
 /bin/install -c -m 644 ../../bin/debug/smuxi-common.dll ../../bin/debug/smuxi-frontend-gnome.exe.mdb ../../bin/debug/smuxi-frontend.dll ../../bin/debug/smuxi-engine-irc.dll ../../bin/debug/smuxi-engine-irc.dll.mdb ../../bin/debug/smuxi-engine.dll.mdb ../../bin/debug/smuxi-frontend.dll.mdb ../../bin/debug/smuxi-frontend-gnome.exe ../../bin/debug/smuxi-engine.dll '/home/ballogy/Szoftverek/build/others/smuxi/smuxi/pkg//usr/lib/smuxi'
test -z "/usr/lib/smuxi/icons" || /bin/mkdir -p "/home/ballogy/Szoftverek/build/others/smuxi/smuxi/pkg//usr/lib/smuxi/icons"
make[3]: Leaving directory `/home/ballogy/Szoftverek/build/others/smuxi/smuxi/src/smuxi-0.8/src/Frontend-GNOME-IRC'
make[2]: Leaving directory `/home/ballogy/Szoftverek/build/others/smuxi/smuxi/src/smuxi-0.8/src/Frontend-GNOME-IRC'
make[2]: Entering directory `/home/ballogy/Szoftverek/build/others/smuxi/smuxi/src/smuxi-0.8/src'
make[3]: Entering directory `/home/ballogy/Szoftverek/build/others/smuxi/smuxi/src/smuxi-0.8/src'
make[3]: Nothing to be done for `install-exec-am'.
make[3]: Nothing to be done for `install-data-am'.
make[3]: Leaving directory `/home/ballogy/Szoftverek/build/others/smuxi/smuxi/src/smuxi-0.8/src'
make[2]: Leaving directory `/home/ballogy/Szoftverek/build/others/smuxi/smuxi/src/smuxi-0.8/src'
make[1]: Leaving directory `/home/ballogy/Szoftverek/build/others/smuxi/smuxi/src/smuxi-0.8/src'
Making install in po
make[1]: Entering directory `/home/ballogy/Szoftverek/build/others/smuxi/smuxi/src/smuxi-0.8/po'
linguas=""; \
	for lang in $linguas; do \
	  dir=/home/ballogy/Szoftverek/build/others/smuxi/smuxi/pkg//usr/share/locale/$lang/LC_MESSAGES; \
	  /bin/sh /home/ballogy/Szoftverek/build/others/smuxi/smuxi/src/smuxi-0.8/install-sh -d $dir; \
	  if test -r $lang.gmo; then \
	    /bin/install -c -m 644 $lang.gmo $dir/smuxi.mo; \
	    echo "installing $lang.gmo as $dir/smuxi.mo"; \
	  else \
	    /bin/install -c -m 644 ./$lang.gmo $dir/smuxi.mo; \
	    echo "installing ./$lang.gmo as" \
		 "$dir/smuxi.mo"; \
	  fi; \
	  if test -r $lang.gmo.m; then \
	    /bin/install -c -m 644 $lang.gmo.m $dir/smuxi.mo.m; \
	    echo "installing $lang.gmo.m as $dir/smuxi.mo.m"; \
	  else \
	    if test -r ./$lang.gmo.m ; then \
	      /bin/install -c -m 644 ./$lang.gmo.m \
		$dir/smuxi.mo.m; \
	      echo "installing ./$lang.gmo.m as" \
		   "$dir/smuxi.mo.m"; \
	    else \
	      true; \
	    fi; \
	  fi; \
	done
make[1]: Leaving directory `/home/ballogy/Szoftverek/build/others/smuxi/smuxi/src/smuxi-0.8/po'
Making install in po-Engine
make[1]: Entering directory `/home/ballogy/Szoftverek/build/others/smuxi/smuxi/src/smuxi-0.8/po-Engine'
cd .. \
	  && CONFIG_FILES=po/Makefile.in CONFIG_HEADERS= CONFIG_LINKS= \
	       /bin/sh ./config.status
config.status: creating po/Makefile.in
config.status: executing depfiles commands
config.status: executing po-directories commands
config.status: creating po/POTFILES
config.status: creating po/Makefile
config.status: executing po/stamp-it commands
/bin/sh /home/ballogy/Szoftverek/build/others/smuxi/smuxi/src/smuxi-0.8/install-sh -d /home/ballogy/Szoftverek/build/others/smuxi/smuxi/pkg//usr/share/locale
linguas="cs da de en_GB es es_AR fr it pt sv "; \
	for lang in $linguas; do \
	  dir=/home/ballogy/Szoftverek/build/others/smuxi/smuxi/pkg//usr/share/locale/$lang/LC_MESSAGES; \
	  /bin/sh /home/ballogy/Szoftverek/build/others/smuxi/smuxi/src/smuxi-0.8/install-sh -d $dir; \
	  if test -r $lang.gmo; then \
	    /bin/install -c -m 644 $lang.gmo $dir/smuxi-engine.mo; \
	    echo "installing $lang.gmo as $dir/smuxi-engine.mo"; \
	  else \
	    /bin/install -c -m 644 ./$lang.gmo $dir/smuxi-engine.mo; \
	    echo "installing ./$lang.gmo as" \
		 "$dir/smuxi-engine.mo"; \
	  fi; \
	  if test -r $lang.gmo.m; then \
	    /bin/install -c -m 644 $lang.gmo.m $dir/smuxi-engine.mo.m; \
	    echo "installing $lang.gmo.m as $dir/smuxi-engine.mo.m"; \
	  else \
	    if test -r ./$lang.gmo.m ; then \
	      /bin/install -c -m 644 ./$lang.gmo.m \
		$dir/smuxi-engine.mo.m; \
	      echo "installing ./$lang.gmo.m as" \
		   "$dir/smuxi-engine.mo.m"; \
	    else \
	      true; \
	    fi; \
	  fi; \
	done
installing cs.gmo as /home/ballogy/Szoftverek/build/others/smuxi/smuxi/pkg//usr/share/locale/cs/LC_MESSAGES/smuxi-engine.mo
installing da.gmo as /home/ballogy/Szoftverek/build/others/smuxi/smuxi/pkg//usr/share/locale/da/LC_MESSAGES/smuxi-engine.mo
installing de.gmo as /home/ballogy/Szoftverek/build/others/smuxi/smuxi/pkg//usr/share/locale/de/LC_MESSAGES/smuxi-engine.mo
installing en_GB.gmo as /home/ballogy/Szoftverek/build/others/smuxi/smuxi/pkg//usr/share/locale/en_GB/LC_MESSAGES/smuxi-engine.mo
installing es.gmo as /home/ballogy/Szoftverek/build/others/smuxi/smuxi/pkg//usr/share/locale/es/LC_MESSAGES/smuxi-engine.mo
installing es_AR.gmo as /home/ballogy/Szoftverek/build/others/smuxi/smuxi/pkg//usr/share/locale/es_AR/LC_MESSAGES/smuxi-engine.mo
installing fr.gmo as /home/ballogy/Szoftverek/build/others/smuxi/smuxi/pkg//usr/share/locale/fr/LC_MESSAGES/smuxi-engine.mo
installing it.gmo as /home/ballogy/Szoftverek/build/others/smuxi/smuxi/pkg//usr/share/locale/it/LC_MESSAGES/smuxi-engine.mo
installing pt.gmo as /home/ballogy/Szoftverek/build/others/smuxi/smuxi/pkg//usr/share/locale/pt/LC_MESSAGES/smuxi-engine.mo
installing sv.gmo as /home/ballogy/Szoftverek/build/others/smuxi/smuxi/pkg//usr/share/locale/sv/LC_MESSAGES/smuxi-engine.mo
make[1]: Leaving directory `/home/ballogy/Szoftverek/build/others/smuxi/smuxi/src/smuxi-0.8/po-Engine'
Making install in po-Engine-IRC
make[1]: Entering directory `/home/ballogy/Szoftverek/build/others/smuxi/smuxi/src/smuxi-0.8/po-Engine-IRC'
cd .. \
	  && CONFIG_FILES=po/Makefile.in CONFIG_HEADERS= CONFIG_LINKS= \
	       /bin/sh ./config.status
config.status: creating po/Makefile.in
config.status: executing depfiles commands
config.status: executing po-directories commands
config.status: creating po/POTFILES
config.status: creating po/Makefile
config.status: executing po/stamp-it commands
/bin/sh /home/ballogy/Szoftverek/build/others/smuxi/smuxi/src/smuxi-0.8/install-sh -d /home/ballogy/Szoftverek/build/others/smuxi/smuxi/pkg//usr/share/locale
linguas="ca cs da de en_GB es es_AR fr it pt sv "; \
	for lang in $linguas; do \
	  dir=/home/ballogy/Szoftverek/build/others/smuxi/smuxi/pkg//usr/share/locale/$lang/LC_MESSAGES; \
	  /bin/sh /home/ballogy/Szoftverek/build/others/smuxi/smuxi/src/smuxi-0.8/install-sh -d $dir; \
	  if test -r $lang.gmo; then \
	    /bin/install -c -m 644 $lang.gmo $dir/smuxi-engine-irc.mo; \
	    echo "installing $lang.gmo as $dir/smuxi-engine-irc.mo"; \
	  else \
	    /bin/install -c -m 644 ./$lang.gmo $dir/smuxi-engine-irc.mo; \
	    echo "installing ./$lang.gmo as" \
		 "$dir/smuxi-engine-irc.mo"; \
	  fi; \
	  if test -r $lang.gmo.m; then \
	    /bin/install -c -m 644 $lang.gmo.m $dir/smuxi-engine-irc.mo.m; \
	    echo "installing $lang.gmo.m as $dir/smuxi-engine-irc.mo.m"; \
	  else \
	    if test -r ./$lang.gmo.m ; then \
	      /bin/install -c -m 644 ./$lang.gmo.m \
		$dir/smuxi-engine-irc.mo.m; \
	      echo "installing ./$lang.gmo.m as" \
		   "$dir/smuxi-engine-irc.mo.m"; \
	    else \
	      true; \
	    fi; \
	  fi; \
	done
installing ca.gmo as /home/ballogy/Szoftverek/build/others/smuxi/smuxi/pkg//usr/share/locale/ca/LC_MESSAGES/smuxi-engine-irc.mo
installing cs.gmo as /home/ballogy/Szoftverek/build/others/smuxi/smuxi/pkg//usr/share/locale/cs/LC_MESSAGES/smuxi-engine-irc.mo
installing da.gmo as /home/ballogy/Szoftverek/build/others/smuxi/smuxi/pkg//usr/share/locale/da/LC_MESSAGES/smuxi-engine-irc.mo
installing de.gmo as /home/ballogy/Szoftverek/build/others/smuxi/smuxi/pkg//usr/share/locale/de/LC_MESSAGES/smuxi-engine-irc.mo
installing en_GB.gmo as /home/ballogy/Szoftverek/build/others/smuxi/smuxi/pkg//usr/share/locale/en_GB/LC_MESSAGES/smuxi-engine-irc.mo
installing es.gmo as /home/ballogy/Szoftverek/build/others/smuxi/smuxi/pkg//usr/share/locale/es/LC_MESSAGES/smuxi-engine-irc.mo
installing es_AR.gmo as /home/ballogy/Szoftverek/build/others/smuxi/smuxi/pkg//usr/share/locale/es_AR/LC_MESSAGES/smuxi-engine-irc.mo
installing fr.gmo as /home/ballogy/Szoftverek/build/others/smuxi/smuxi/pkg//usr/share/locale/fr/LC_MESSAGES/smuxi-engine-irc.mo
installing it.gmo as /home/ballogy/Szoftverek/build/others/smuxi/smuxi/pkg//usr/share/locale/it/LC_MESSAGES/smuxi-engine-irc.mo
installing pt.gmo as /home/ballogy/Szoftverek/build/others/smuxi/smuxi/pkg//usr/share/locale/pt/LC_MESSAGES/smuxi-engine-irc.mo
installing sv.gmo as /home/ballogy/Szoftverek/build/others/smuxi/smuxi/pkg//usr/share/locale/sv/LC_MESSAGES/smuxi-engine-irc.mo
make[1]: Leaving directory `/home/ballogy/Szoftverek/build/others/smuxi/smuxi/src/smuxi-0.8/po-Engine-IRC'
Making install in po-Engine-Twitter
make[1]: Entering directory `/home/ballogy/Szoftverek/build/others/smuxi/smuxi/src/smuxi-0.8/po-Engine-Twitter'
cd .. \
	  && CONFIG_FILES=po/Makefile.in CONFIG_HEADERS= CONFIG_LINKS= \
	       /bin/sh ./config.status
config.status: creating po/Makefile.in
config.status: executing depfiles commands
config.status: executing po-directories commands
config.status: creating po/POTFILES
config.status: creating po/Makefile
config.status: executing po/stamp-it commands
/bin/sh /home/ballogy/Szoftverek/build/others/smuxi/smuxi/src/smuxi-0.8/install-sh -d /home/ballogy/Szoftverek/build/others/smuxi/smuxi/pkg//usr/share/locale
linguas="ca cs da fr it pt sv de "; \
	for lang in $linguas; do \
	  dir=/home/ballogy/Szoftverek/build/others/smuxi/smuxi/pkg//usr/share/locale/$lang/LC_MESSAGES; \
	  /bin/sh /home/ballogy/Szoftverek/build/others/smuxi/smuxi/src/smuxi-0.8/install-sh -d $dir; \
	  if test -r $lang.gmo; then \
	    /bin/install -c -m 644 $lang.gmo $dir/smuxi-engine-twitter.mo; \
	    echo "installing $lang.gmo as $dir/smuxi-engine-twitter.mo"; \
	  else \
	    /bin/install -c -m 644 ./$lang.gmo $dir/smuxi-engine-twitter.mo; \
	    echo "installing ./$lang.gmo as" \
		 "$dir/smuxi-engine-twitter.mo"; \
	  fi; \
	  if test -r $lang.gmo.m; then \
	    /bin/install -c -m 644 $lang.gmo.m $dir/smuxi-engine-twitter.mo.m; \
	    echo "installing $lang.gmo.m as $dir/smuxi-engine-twitter.mo.m"; \
	  else \
	    if test -r ./$lang.gmo.m ; then \
	      /bin/install -c -m 644 ./$lang.gmo.m \
		$dir/smuxi-engine-twitter.mo.m; \
	      echo "installing ./$lang.gmo.m as" \
		   "$dir/smuxi-engine-twitter.mo.m"; \
	    else \
	      true; \
	    fi; \
	  fi; \
	done
installing ca.gmo as /home/ballogy/Szoftverek/build/others/smuxi/smuxi/pkg//usr/share/locale/ca/LC_MESSAGES/smuxi-engine-twitter.mo
installing cs.gmo as /home/ballogy/Szoftverek/build/others/smuxi/smuxi/pkg//usr/share/locale/cs/LC_MESSAGES/smuxi-engine-twitter.mo
installing da.gmo as /home/ballogy/Szoftverek/build/others/smuxi/smuxi/pkg//usr/share/locale/da/LC_MESSAGES/smuxi-engine-twitter.mo
installing fr.gmo as /home/ballogy/Szoftverek/build/others/smuxi/smuxi/pkg//usr/share/locale/fr/LC_MESSAGES/smuxi-engine-twitter.mo
installing it.gmo as /home/ballogy/Szoftverek/build/others/smuxi/smuxi/pkg//usr/share/locale/it/LC_MESSAGES/smuxi-engine-twitter.mo
installing pt.gmo as /home/ballogy/Szoftverek/build/others/smuxi/smuxi/pkg//usr/share/locale/pt/LC_MESSAGES/smuxi-engine-twitter.mo
installing sv.gmo as /home/ballogy/Szoftverek/build/others/smuxi/smuxi/pkg//usr/share/locale/sv/LC_MESSAGES/smuxi-engine-twitter.mo
installing de.gmo as /home/ballogy/Szoftverek/build/others/smuxi/smuxi/pkg//usr/share/locale/de/LC_MESSAGES/smuxi-engine-twitter.mo
make[1]: Leaving directory `/home/ballogy/Szoftverek/build/others/smuxi/smuxi/src/smuxi-0.8/po-Engine-Twitter'
Making install in po-Server
make[1]: Entering directory `/home/ballogy/Szoftverek/build/others/smuxi/smuxi/src/smuxi-0.8/po-Server'
cd .. \
	  && CONFIG_FILES=po/Makefile.in CONFIG_HEADERS= CONFIG_LINKS= \
	       /bin/sh ./config.status
config.status: creating po/Makefile.in
config.status: executing depfiles commands
config.status: executing po-directories commands
config.status: creating po/POTFILES
config.status: creating po/Makefile
config.status: executing po/stamp-it commands
/bin/sh /home/ballogy/Szoftverek/build/others/smuxi/smuxi/src/smuxi-0.8/install-sh -d /home/ballogy/Szoftverek/build/others/smuxi/smuxi/pkg//usr/share/locale
linguas="cs da de fr pt sv "; \
	for lang in $linguas; do \
	  dir=/home/ballogy/Szoftverek/build/others/smuxi/smuxi/pkg//usr/share/locale/$lang/LC_MESSAGES; \
	  /bin/sh /home/ballogy/Szoftverek/build/others/smuxi/smuxi/src/smuxi-0.8/install-sh -d $dir; \
	  if test -r $lang.gmo; then \
	    /bin/install -c -m 644 $lang.gmo $dir/smuxi-server.mo; \
	    echo "installing $lang.gmo as $dir/smuxi-server.mo"; \
	  else \
	    /bin/install -c -m 644 ./$lang.gmo $dir/smuxi-server.mo; \
	    echo "installing ./$lang.gmo as" \
		 "$dir/smuxi-server.mo"; \
	  fi; \
	  if test -r $lang.gmo.m; then \
	    /bin/install -c -m 644 $lang.gmo.m $dir/smuxi-server.mo.m; \
	    echo "installing $lang.gmo.m as $dir/smuxi-server.mo.m"; \
	  else \
	    if test -r ./$lang.gmo.m ; then \
	      /bin/install -c -m 644 ./$lang.gmo.m \
		$dir/smuxi-server.mo.m; \
	      echo "installing ./$lang.gmo.m as" \
		   "$dir/smuxi-server.mo.m"; \
	    else \
	      true; \
	    fi; \
	  fi; \
	done
installing cs.gmo as /home/ballogy/Szoftverek/build/others/smuxi/smuxi/pkg//usr/share/locale/cs/LC_MESSAGES/smuxi-server.mo
installing da.gmo as /home/ballogy/Szoftverek/build/others/smuxi/smuxi/pkg//usr/share/locale/da/LC_MESSAGES/smuxi-server.mo
installing de.gmo as /home/ballogy/Szoftverek/build/others/smuxi/smuxi/pkg//usr/share/locale/de/LC_MESSAGES/smuxi-server.mo
installing fr.gmo as /home/ballogy/Szoftverek/build/others/smuxi/smuxi/pkg//usr/share/locale/fr/LC_MESSAGES/smuxi-server.mo
installing pt.gmo as /home/ballogy/Szoftverek/build/others/smuxi/smuxi/pkg//usr/share/locale/pt/LC_MESSAGES/smuxi-server.mo
installing sv.gmo as /home/ballogy/Szoftverek/build/others/smuxi/smuxi/pkg//usr/share/locale/sv/LC_MESSAGES/smuxi-server.mo
make[1]: Leaving directory `/home/ballogy/Szoftverek/build/others/smuxi/smuxi/src/smuxi-0.8/po-Server'
Making install in po-Frontend
make[1]: Entering directory `/home/ballogy/Szoftverek/build/others/smuxi/smuxi/src/smuxi-0.8/po-Frontend'
cd .. \
	  && CONFIG_FILES=po/Makefile.in CONFIG_HEADERS= CONFIG_LINKS= \
	       /bin/sh ./config.status
config.status: creating po/Makefile.in
config.status: executing depfiles commands
config.status: executing po-directories commands
config.status: creating po/POTFILES
config.status: creating po/Makefile
config.status: executing po/stamp-it commands
/bin/sh /home/ballogy/Szoftverek/build/others/smuxi/smuxi/src/smuxi-0.8/install-sh -d /home/ballogy/Szoftverek/build/others/smuxi/smuxi/pkg//usr/share/locale
linguas="ca cs da de es es_AR en_GB fr it pt sv "; \
	for lang in $linguas; do \
	  dir=/home/ballogy/Szoftverek/build/others/smuxi/smuxi/pkg//usr/share/locale/$lang/LC_MESSAGES; \
	  /bin/sh /home/ballogy/Szoftverek/build/others/smuxi/smuxi/src/smuxi-0.8/install-sh -d $dir; \
	  if test -r $lang.gmo; then \
	    /bin/install -c -m 644 $lang.gmo $dir/smuxi-frontend.mo; \
	    echo "installing $lang.gmo as $dir/smuxi-frontend.mo"; \
	  else \
	    /bin/install -c -m 644 ./$lang.gmo $dir/smuxi-frontend.mo; \
	    echo "installing ./$lang.gmo as" \
		 "$dir/smuxi-frontend.mo"; \
	  fi; \
	  if test -r $lang.gmo.m; then \
	    /bin/install -c -m 644 $lang.gmo.m $dir/smuxi-frontend.mo.m; \
	    echo "installing $lang.gmo.m as $dir/smuxi-frontend.mo.m"; \
	  else \
	    if test -r ./$lang.gmo.m ; then \
	      /bin/install -c -m 644 ./$lang.gmo.m \
		$dir/smuxi-frontend.mo.m; \
	      echo "installing ./$lang.gmo.m as" \
		   "$dir/smuxi-frontend.mo.m"; \
	    else \
	      true; \
	    fi; \
	  fi; \
	done
installing ca.gmo as /home/ballogy/Szoftverek/build/others/smuxi/smuxi/pkg//usr/share/locale/ca/LC_MESSAGES/smuxi-frontend.mo
installing cs.gmo as /home/ballogy/Szoftverek/build/others/smuxi/smuxi/pkg//usr/share/locale/cs/LC_MESSAGES/smuxi-frontend.mo
installing da.gmo as /home/ballogy/Szoftverek/build/others/smuxi/smuxi/pkg//usr/share/locale/da/LC_MESSAGES/smuxi-frontend.mo
installing de.gmo as /home/ballogy/Szoftverek/build/others/smuxi/smuxi/pkg//usr/share/locale/de/LC_MESSAGES/smuxi-frontend.mo
installing es.gmo as /home/ballogy/Szoftverek/build/others/smuxi/smuxi/pkg//usr/share/locale/es/LC_MESSAGES/smuxi-frontend.mo
installing es_AR.gmo as /home/ballogy/Szoftverek/build/others/smuxi/smuxi/pkg//usr/share/locale/es_AR/LC_MESSAGES/smuxi-frontend.mo
installing en_GB.gmo as /home/ballogy/Szoftverek/build/others/smuxi/smuxi/pkg//usr/share/locale/en_GB/LC_MESSAGES/smuxi-frontend.mo
installing fr.gmo as /home/ballogy/Szoftverek/build/others/smuxi/smuxi/pkg//usr/share/locale/fr/LC_MESSAGES/smuxi-frontend.mo
installing it.gmo as /home/ballogy/Szoftverek/build/others/smuxi/smuxi/pkg//usr/share/locale/it/LC_MESSAGES/smuxi-frontend.mo
installing pt.gmo as /home/ballogy/Szoftverek/build/others/smuxi/smuxi/pkg//usr/share/locale/pt/LC_MESSAGES/smuxi-frontend.mo
installing sv.gmo as /home/ballogy/Szoftverek/build/others/smuxi/smuxi/pkg//usr/share/locale/sv/LC_MESSAGES/smuxi-frontend.mo
make[1]: Leaving directory `/home/ballogy/Szoftverek/build/others/smuxi/smuxi/src/smuxi-0.8/po-Frontend'
Making install in po-Frontend-GNOME
make[1]: Entering directory `/home/ballogy/Szoftverek/build/others/smuxi/smuxi/src/smuxi-0.8/po-Frontend-GNOME'
cd .. \
	  && CONFIG_FILES=po/Makefile.in CONFIG_HEADERS= CONFIG_LINKS= \
	       /bin/sh ./config.status
config.status: creating po/Makefile.in
config.status: executing depfiles commands
config.status: executing po-directories commands
config.status: creating po/POTFILES
config.status: creating po/Makefile
config.status: executing po/stamp-it commands
/bin/sh /home/ballogy/Szoftverek/build/others/smuxi/smuxi/src/smuxi-0.8/install-sh -d /home/ballogy/Szoftverek/build/others/smuxi/smuxi/pkg//usr/share/locale
linguas="ca cs da de es es_AR en_GB fr it pt sv "; \
	for lang in $linguas; do \
	  dir=/home/ballogy/Szoftverek/build/others/smuxi/smuxi/pkg//usr/share/locale/$lang/LC_MESSAGES; \
	  /bin/sh /home/ballogy/Szoftverek/build/others/smuxi/smuxi/src/smuxi-0.8/install-sh -d $dir; \
	  if test -r $lang.gmo; then \
	    /bin/install -c -m 644 $lang.gmo $dir/smuxi-frontend-gnome.mo; \
	    echo "installing $lang.gmo as $dir/smuxi-frontend-gnome.mo"; \
	  else \
	    /bin/install -c -m 644 ./$lang.gmo $dir/smuxi-frontend-gnome.mo; \
	    echo "installing ./$lang.gmo as" \
		 "$dir/smuxi-frontend-gnome.mo"; \
	  fi; \
	  if test -r $lang.gmo.m; then \
	    /bin/install -c -m 644 $lang.gmo.m $dir/smuxi-frontend-gnome.mo.m; \
	    echo "installing $lang.gmo.m as $dir/smuxi-frontend-gnome.mo.m"; \
	  else \
	    if test -r ./$lang.gmo.m ; then \
	      /bin/install -c -m 644 ./$lang.gmo.m \
		$dir/smuxi-frontend-gnome.mo.m; \
	      echo "installing ./$lang.gmo.m as" \
		   "$dir/smuxi-frontend-gnome.mo.m"; \
	    else \
	      true; \
	    fi; \
	  fi; \
	done
installing ca.gmo as /home/ballogy/Szoftverek/build/others/smuxi/smuxi/pkg//usr/share/locale/ca/LC_MESSAGES/smuxi-frontend-gnome.mo
installing cs.gmo as /home/ballogy/Szoftverek/build/others/smuxi/smuxi/pkg//usr/share/locale/cs/LC_MESSAGES/smuxi-frontend-gnome.mo
installing da.gmo as /home/ballogy/Szoftverek/build/others/smuxi/smuxi/pkg//usr/share/locale/da/LC_MESSAGES/smuxi-frontend-gnome.mo
installing de.gmo as /home/ballogy/Szoftverek/build/others/smuxi/smuxi/pkg//usr/share/locale/de/LC_MESSAGES/smuxi-frontend-gnome.mo
installing es.gmo as /home/ballogy/Szoftverek/build/others/smuxi/smuxi/pkg//usr/share/locale/es/LC_MESSAGES/smuxi-frontend-gnome.mo
installing es_AR.gmo as /home/ballogy/Szoftverek/build/others/smuxi/smuxi/pkg//usr/share/locale/es_AR/LC_MESSAGES/smuxi-frontend-gnome.mo
installing en_GB.gmo as /home/ballogy/Szoftverek/build/others/smuxi/smuxi/pkg//usr/share/locale/en_GB/LC_MESSAGES/smuxi-frontend-gnome.mo
installing fr.gmo as /home/ballogy/Szoftverek/build/others/smuxi/smuxi/pkg//usr/share/locale/fr/LC_MESSAGES/smuxi-frontend-gnome.mo
installing it.gmo as /home/ballogy/Szoftverek/build/others/smuxi/smuxi/pkg//usr/share/locale/it/LC_MESSAGES/smuxi-frontend-gnome.mo
installing pt.gmo as /home/ballogy/Szoftverek/build/others/smuxi/smuxi/pkg//usr/share/locale/pt/LC_MESSAGES/smuxi-frontend-gnome.mo
installing sv.gmo as /home/ballogy/Szoftverek/build/others/smuxi/smuxi/pkg//usr/share/locale/sv/LC_MESSAGES/smuxi-frontend-gnome.mo
make[1]: Leaving directory `/home/ballogy/Szoftverek/build/others/smuxi/smuxi/src/smuxi-0.8/po-Frontend-GNOME'
Making install in po-Frontend-GNOME-IRC
make[1]: Entering directory `/home/ballogy/Szoftverek/build/others/smuxi/smuxi/src/smuxi-0.8/po-Frontend-GNOME-IRC'
cd .. \
	  && CONFIG_FILES=po/Makefile.in CONFIG_HEADERS= CONFIG_LINKS= \
	       /bin/sh ./config.status
config.status: creating po/Makefile.in
config.status: executing depfiles commands
config.status: executing po-directories commands
config.status: creating po/POTFILES
config.status: creating po/Makefile
config.status: executing po/stamp-it commands
/bin/sh /home/ballogy/Szoftverek/build/others/smuxi/smuxi/src/smuxi-0.8/install-sh -d /home/ballogy/Szoftverek/build/others/smuxi/smuxi/pkg//usr/share/locale
linguas="cs da de en_GB es es_AR fr it pt sv "; \
	for lang in $linguas; do \
	  dir=/home/ballogy/Szoftverek/build/others/smuxi/smuxi/pkg//usr/share/locale/$lang/LC_MESSAGES; \
	  /bin/sh /home/ballogy/Szoftverek/build/others/smuxi/smuxi/src/smuxi-0.8/install-sh -d $dir; \
	  if test -r $lang.gmo; then \
	    /bin/install -c -m 644 $lang.gmo $dir/smuxi-frontend-gnome-irc.mo; \
	    echo "installing $lang.gmo as $dir/smuxi-frontend-gnome-irc.mo"; \
	  else \
	    /bin/install -c -m 644 ./$lang.gmo $dir/smuxi-frontend-gnome-irc.mo; \
	    echo "installing ./$lang.gmo as" \
		 "$dir/smuxi-frontend-gnome-irc.mo"; \
	  fi; \
	  if test -r $lang.gmo.m; then \
	    /bin/install -c -m 644 $lang.gmo.m $dir/smuxi-frontend-gnome-irc.mo.m; \
	    echo "installing $lang.gmo.m as $dir/smuxi-frontend-gnome-irc.mo.m"; \
	  else \
	    if test -r ./$lang.gmo.m ; then \
	      /bin/install -c -m 644 ./$lang.gmo.m \
		$dir/smuxi-frontend-gnome-irc.mo.m; \
	      echo "installing ./$lang.gmo.m as" \
		   "$dir/smuxi-frontend-gnome-irc.mo.m"; \
	    else \
	      true; \
	    fi; \
	  fi; \
	done
installing cs.gmo as /home/ballogy/Szoftverek/build/others/smuxi/smuxi/pkg//usr/share/locale/cs/LC_MESSAGES/smuxi-frontend-gnome-irc.mo
installing da.gmo as /home/ballogy/Szoftverek/build/others/smuxi/smuxi/pkg//usr/share/locale/da/LC_MESSAGES/smuxi-frontend-gnome-irc.mo
installing de.gmo as /home/ballogy/Szoftverek/build/others/smuxi/smuxi/pkg//usr/share/locale/de/LC_MESSAGES/smuxi-frontend-gnome-irc.mo
installing en_GB.gmo as /home/ballogy/Szoftverek/build/others/smuxi/smuxi/pkg//usr/share/locale/en_GB/LC_MESSAGES/smuxi-frontend-gnome-irc.mo
installing es.gmo as /home/ballogy/Szoftverek/build/others/smuxi/smuxi/pkg//usr/share/locale/es/LC_MESSAGES/smuxi-frontend-gnome-irc.mo
installing es_AR.gmo as /home/ballogy/Szoftverek/build/others/smuxi/smuxi/pkg//usr/share/locale/es_AR/LC_MESSAGES/smuxi-frontend-gnome-irc.mo
installing fr.gmo as /home/ballogy/Szoftverek/build/others/smuxi/smuxi/pkg//usr/share/locale/fr/LC_MESSAGES/smuxi-frontend-gnome-irc.mo
installing it.gmo as /home/ballogy/Szoftverek/build/others/smuxi/smuxi/pkg//usr/share/locale/it/LC_MESSAGES/smuxi-frontend-gnome-irc.mo
installing pt.gmo as /home/ballogy/Szoftverek/build/others/smuxi/smuxi/pkg//usr/share/locale/pt/LC_MESSAGES/smuxi-frontend-gnome-irc.mo
installing sv.gmo as /home/ballogy/Szoftverek/build/others/smuxi/smuxi/pkg//usr/share/locale/sv/LC_MESSAGES/smuxi-frontend-gnome-irc.mo
make[1]: Leaving directory `/home/ballogy/Szoftverek/build/others/smuxi/smuxi/src/smuxi-0.8/po-Frontend-GNOME-IRC'
make[1]: Entering directory `/home/ballogy/Szoftverek/build/others/smuxi/smuxi/src/smuxi-0.8'
make[2]: Entering directory `/home/ballogy/Szoftverek/build/others/smuxi/smuxi/src/smuxi-0.8'
make[2]: Nothing to be done for `install-exec-am'.
make[2]: Nothing to be done for `install-data-am'.
make[2]: Leaving directory `/home/ballogy/Szoftverek/build/others/smuxi/smuxi/src/smuxi-0.8'
make[1]: Leaving directory `/home/ballogy/Szoftverek/build/others/smuxi/smuxi/src/smuxi-0.8'
